<?xml version="1.0" encoding="UTF-8"?>
<!-- Generated by org.testng.reporters.JUnitReportReporter -->
<testsuite skipped="0" hostname="DESKTOP-20VFUB6" name="com.automation.app.SignupTests" tests="1" failures="0" timestamp="01 abr 2019 15:03:47 GMT" time="6.232" errors="0">
  <testcase name="reachSignupPage" time="6.232" classname="com.automation.app.SignupTests"/>
</testsuite> <!-- com.automation.app.SignupTests -->
