<?xml version="1.0" encoding="UTF-8"?>
<!-- Generated by org.testng.reporters.JUnitReportReporter -->
<testsuite skipped="0" hostname="AR-IT07046" name="com.automation.app.SignupTests" tests="1" failures="0" timestamp="10 abr 2019 22:17:39 GMT" time="8.884" errors="0">
  <testcase name="reachSignupPage" time="8.884" classname="com.automation.app.SignupTests"/>
</testsuite> <!-- com.automation.app.SignupTests -->
