<?xml version="1.0" encoding="UTF-8"?>
<!-- Generated by org.testng.reporters.JUnitReportReporter -->
<testsuite skipped="0" hostname="AR-IT07046" name="com.automation.app.SearchFlightsTests" tests="1" failures="0" timestamp="17 abr 2019 20:08:19 GMT" time="34.610" errors="0">
  <testcase name="searchFlight" time="34.610" classname="com.automation.app.SearchFlightsTests"/>
</testsuite> <!-- com.automation.app.SearchFlightsTests -->
