<?xml version="1.0" encoding="UTF-8"?>
<!-- Generated by org.testng.reporters.JUnitReportReporter -->
<testsuite skipped="0" hostname="DESKTOP-20VFUB6" name="com.automation.app.SearchFlightsTests" tests="1" failures="0" timestamp="12 abr 2019 21:02:33 GMT" time="11.723" errors="0">
  <testcase name="searchFlight" time="11.723" classname="com.automation.app.SearchFlightsTests"/>
</testsuite> <!-- com.automation.app.SearchFlightsTests -->
