<?xml version="1.0" encoding="UTF-8"?>
<!-- Generated by org.testng.reporters.JUnitReportReporter -->
<testsuite skipped="0" hostname="DESKTOP-20VFUB6" name="com.automation.app.SearchFlightsTests" tests="1" failures="0" timestamp="27 may 2019 13:04:44 GMT" time="5.470" errors="0">
  <testcase name="requiredFieldsValidationOnFlightSearch" time="5.470" classname="com.automation.app.SearchFlightsTests"/>
</testsuite> <!-- com.automation.app.SearchFlightsTests -->
