<?xml version="1.0" encoding="UTF-8"?>
<!-- Generated by org.testng.reporters.JUnitReportReporter -->
<testsuite skipped="0" hostname="AR-IT07046" name="com.automation.app.SignupTests2" tests="2" failures="0" timestamp="12 abr 2019 13:26:32 GMT" time="11.466" errors="0">
  <testcase name="validateRequiredFields" time="0.231" classname="com.automation.app.SignupTests2"/>
  <testcase name="reachSignupPage" time="11.235" classname="com.automation.app.SignupTests2"/>
</testsuite> <!-- com.automation.app.SignupTests2 -->
