<?xml version="1.0" encoding="UTF-8"?>
<!-- Generated by org.testng.reporters.JUnitReportReporter -->
<testsuite skipped="0" hostname="DESKTOP-20VFUB6" name="com.automation.app.SearchFlightsTests" tests="1" failures="0" timestamp="27 may 2019 14:51:42 GMT" time="15.413" errors="0">
  <testcase name="searchFlight" time="15.413" classname="com.automation.app.SearchFlightsTests"/>
</testsuite> <!-- com.automation.app.SearchFlightsTests -->
