<?xml version="1.0" encoding="UTF-8"?>
<!-- Generated by org.testng.reporters.JUnitReportReporter -->
<testsuite skipped="0" hostname="DESKTOP-20VFUB6" name="com.automation.app.PrintOneTest" tests="2" failures="0" timestamp="29 mar 2019 13:29:32 GMT" time="0.003" errors="0">
  <testcase name="firstPrint" time="0.003" classname="com.automation.app.PrintOneTest"/>
  <testcase name="secondPrint" time="0.000" classname="com.automation.app.PrintOneTest"/>
</testsuite> <!-- com.automation.app.PrintOneTest -->
